This is pdfTeX, Version 3.141592653-2.6-1.40.25 (TeX Live 2023/Debian) (preloaded format=pdflatex 2026.6.13)  15 JUN 2026 23:28
entering extended mode
 restricted \write18 enabled.
 %&-line parsing enabled.
**main.tex
(./main.tex
LaTeX2e <2023-11-01> patch level 1
L3 programming layer <2024-01-22>
(/usr/share/texlive/texmf-dist/tex/latex/base/article.cls
Document Class: article 2023/05/17 v1.4n Standard LaTeX document class
(/usr/share/texlive/texmf-dist/tex/latex/base/size12.clo
File: size12.clo 2023/05/17 v1.4n Standard LaTeX file (size option)
)
\c@part=\count187
\c@section=\count188
\c@subsection=\count189
\c@subsubsection=\count190
\c@paragraph=\count191
\c@subparagraph=\count192
\c@figure=\count193
\c@table=\count194
\abovecaptionskip=\skip48
\belowcaptionskip=\skip49
\bibindent=\dimen140
)
(/usr/share/texlive/texmf-dist/tex/generic/iftex/iftex.sty
Package: iftex 2022/02/03 v1.0f TeX engine tests
)
(/usr/share/texlive/texmf-dist/tex/latex/base/inputenc.sty
Package: inputenc 2021/02/14 v1.3d Input encoding file
\inpenc@prehook=\toks17
\inpenc@posthook=\toks18
)
(/usr/share/texlive/texmf-dist/tex/latex/base/fontenc.sty
Package: fontenc 2021/04/29 v2.0v Standard LaTeX package
)
(/usr/share/texmf/tex/latex/lm/lmodern.sty
Package: lmodern 2015/05/01 v1.6.1 Latin Modern Fonts
LaTeX Font Info:    Overwriting symbol font `operators' in version `normal'
(Font)                  OT1/cmr/m/n --> OT1/lmr/m/n on input line 22.
LaTeX Font Info:    Overwriting symbol font `letters' in version `normal'
(Font)                  OML/cmm/m/it --> OML/lmm/m/it on input line 23.
LaTeX Font Info:    Overwriting symbol font `symbols' in version `normal'
(Font)                  OMS/cmsy/m/n --> OMS/lmsy/m/n on input line 24.
LaTeX Font Info:    Overwriting symbol font `largesymbols' in version `normal'
(Font)                  OMX/cmex/m/n --> OMX/lmex/m/n on input line 25.
LaTeX Font Info:    Overwriting symbol font `operators' in version `bold'
(Font)                  OT1/cmr/bx/n --> OT1/lmr/bx/n on input line 26.
LaTeX Font Info:    Overwriting symbol font `letters' in version `bold'
(Font)                  OML/cmm/b/it --> OML/lmm/b/it on input line 27.
LaTeX Font Info:    Overwriting symbol font `symbols' in version `bold'
(Font)                  OMS/cmsy/b/n --> OMS/lmsy/b/n on input line 28.
LaTeX Font Info:    Overwriting symbol font `largesymbols' in version `bold'
(Font)                  OMX/cmex/m/n --> OMX/lmex/m/n on input line 29.
LaTeX Font Info:    Overwriting math alphabet `\mathbf' in version `normal'
(Font)                  OT1/cmr/bx/n --> OT1/lmr/bx/n on input line 31.
LaTeX Font Info:    Overwriting math alphabet `\mathsf' in version `normal'
(Font)                  OT1/cmss/m/n --> OT1/lmss/m/n on input line 32.
LaTeX Font Info:    Overwriting math alphabet `\mathit' in version `normal'
(Font)                  OT1/cmr/m/it --> OT1/lmr/m/it on input line 33.
LaTeX Font Info:    Overwriting math alphabet `\mathtt' in version `normal'
(Font)                  OT1/cmtt/m/n --> OT1/lmtt/m/n on input line 34.
LaTeX Font Info:    Overwriting math alphabet `\mathbf' in version `bold'
(Font)                  OT1/cmr/bx/n --> OT1/lmr/bx/n on input line 35.
LaTeX Font Info:    Overwriting math alphabet `\mathsf' in version `bold'
(Font)                  OT1/cmss/bx/n --> OT1/lmss/bx/n on input line 36.
LaTeX Font Info:    Overwriting math alphabet `\mathit' in version `bold'
(Font)                  OT1/cmr/bx/it --> OT1/lmr/bx/it on input line 37.
LaTeX Font Info:    Overwriting math alphabet `\mathtt' in version `bold'
(Font)                  OT1/cmtt/m/n --> OT1/lmtt/m/n on input line 38.
)
(/usr/share/texlive/texmf-dist/tex/generic/babel/babel.sty
Package: babel 2024/01/07 v24.1 The Babel package
\babel@savecnt=\count195
\U@D=\dimen141
\l@unhyphenated=\language5

(/usr/share/texlive/texmf-dist/tex/generic/babel/txtbabel.def)
\bbl@readstream=\read2
\bbl@dirlevel=\count196

(/usr/share/texlive/texmf-dist/tex/generic/babel-english/english.ldf
Language: english 2017/06/06 v3.3r English support from the babel system
Package babel Info: Hyphen rules for 'british' set to \l@english
(babel)             (\language0). Reported on input line 82.
Package babel Info: Hyphen rules for 'UKenglish' set to \l@english
(babel)             (\language0). Reported on input line 83.
Package babel Info: Hyphen rules for 'canadian' set to \l@english
(babel)             (\language0). Reported on input line 102.
Package babel Info: Hyphen rules for 'australian' set to \l@english
(babel)             (\language0). Reported on input line 105.
Package babel Info: Hyphen rules for 'newzealand' set to \l@english
(babel)             (\language0). Reported on input line 108.
))
(/usr/share/texlive/texmf-dist/tex/generic/babel/locale/en/babel-english.tex
Package babel Info: Importing font and identification data for english
(babel)             from babel-en.ini. Reported on input line 11.
)
(/usr/share/texlive/texmf-dist/tex/latex/geometry/geometry.sty
Package: geometry 2020/01/02 v5.9 Page Geometry

(/usr/share/texlive/texmf-dist/tex/latex/graphics/keyval.sty
Package: keyval 2022/05/29 v1.15 key=value parser (DPC)
\KV@toks@=\toks19
)
(/usr/share/texlive/texmf-dist/tex/generic/iftex/ifvtex.sty
Package: ifvtex 2019/10/25 v1.7 ifvtex legacy package. Use iftex instead.
)
\Gm@cnth=\count197
\Gm@cntv=\count198
\c@Gm@tempcnt=\count199
\Gm@bindingoffset=\dimen142
\Gm@wd@mp=\dimen143
\Gm@odd@mp=\dimen144
\Gm@even@mp=\dimen145
\Gm@layoutwidth=\dimen146
\Gm@layoutheight=\dimen147
\Gm@layouthoffset=\dimen148
\Gm@layoutvoffset=\dimen149
\Gm@dimlist=\toks20
)
(/usr/share/texlive/texmf-dist/tex/latex/graphics/graphicx.sty
Package: graphicx 2021/09/16 v1.2d Enhanced LaTeX Graphics (DPC,SPQR)

(/usr/share/texlive/texmf-dist/tex/latex/graphics/graphics.sty
Package: graphics 2022/03/10 v1.4e Standard LaTeX Graphics (DPC,SPQR)

(/usr/share/texlive/texmf-dist/tex/latex/graphics/trig.sty
Package: trig 2021/08/11 v1.11 sin cos tan (DPC)
)
(/usr/share/texlive/texmf-dist/tex/latex/graphics-cfg/graphics.cfg
File: graphics.cfg 2016/06/04 v1.11 sample graphics configuration
)
Package graphics Info: Driver file: pdftex.def on input line 107.

(/usr/share/texlive/texmf-dist/tex/latex/graphics-def/pdftex.def
File: pdftex.def 2022/09/22 v1.2b Graphics/color driver for pdftex
))
\Gin@req@height=\dimen150
\Gin@req@width=\dimen151
)
(/usr/share/texlive/texmf-dist/tex/latex/float/float.sty
Package: float 2001/11/08 v1.3d Float enhancements (AL)
\c@float@type=\count266
\float@exts=\toks21
\float@box=\box51
\@float@everytoks=\toks22
\@floatcapt=\box52
)
(/usr/share/texlive/texmf-dist/tex/latex/booktabs/booktabs.sty
Package: booktabs 2020/01/12 v1.61803398 Publication quality tables
\heavyrulewidth=\dimen152
\lightrulewidth=\dimen153
\cmidrulewidth=\dimen154
\belowrulesep=\dimen155
\belowbottomsep=\dimen156
\aboverulesep=\dimen157
\abovetopsep=\dimen158
\cmidrulesep=\dimen159
\cmidrulekern=\dimen160
\defaultaddspace=\dimen161
\@cmidla=\count267
\@cmidlb=\count268
\@aboverulesep=\dimen162
\@belowrulesep=\dimen163
\@thisruleclass=\count269
\@lastruleclass=\count270
\@thisrulewidth=\dimen164
)
(/usr/share/texlive/texmf-dist/tex/latex/tools/longtable.sty
Package: longtable 2023-11-01 v4.19 Multi-page Table package (DPC)
\LTleft=\skip50
\LTright=\skip51
\LTpre=\skip52
\LTpost=\skip53
\LTchunksize=\count271
\LTcapwidth=\dimen165
\LT@head=\box53
\LT@firsthead=\box54
\LT@foot=\box55
\LT@lastfoot=\box56
\LT@gbox=\box57
\LT@cols=\count272
\LT@rows=\count273
\c@LT@tables=\count274
\c@LT@chunks=\count275
\LT@p@ftn=\toks23
)
(/usr/share/texlive/texmf-dist/tex/latex/tools/tabularx.sty
Package: tabularx 2023/07/08 v2.11c `tabularx' package (DPC)

(/usr/share/texlive/texmf-dist/tex/latex/tools/array.sty
Package: array 2023/10/16 v2.5g Tabular extension package (FMi)
\col@sep=\dimen166
\ar@mcellbox=\box58
\extrarowheight=\dimen167
\NC@list=\toks24
\extratabsurround=\skip54
\backup@length=\skip55
\ar@cellbox=\box59
)
\TX@col@width=\dimen168
\TX@old@table=\dimen169
\TX@old@col=\dimen170
\TX@target=\dimen171
\TX@delta=\dimen172
\TX@cols=\count276
\TX@ftn=\toks25
)
(/usr/share/texlive/texmf-dist/tex/latex/xcolor/xcolor.sty
Package: xcolor 2023/11/15 v3.01 LaTeX color extensions (UK)

(/usr/share/texlive/texmf-dist/tex/latex/graphics-cfg/color.cfg
File: color.cfg 2016/01/02 v1.6 sample color configuration
)
Package xcolor Info: Driver file: pdftex.def on input line 274.

(/usr/share/texlive/texmf-dist/tex/latex/graphics/mathcolor.ltx)
Package xcolor Info: Model `cmy' substituted by `cmy0' on input line 1350.
Package xcolor Info: Model `hsb' substituted by `rgb' on input line 1354.
Package xcolor Info: Model `RGB' extended on input line 1366.
Package xcolor Info: Model `HTML' substituted by `rgb' on input line 1368.
Package xcolor Info: Model `Hsb' substituted by `hsb' on input line 1369.
Package xcolor Info: Model `tHsb' substituted by `hsb' on input line 1370.
Package xcolor Info: Model `HSB' substituted by `hsb' on input line 1371.
Package xcolor Info: Model `Gray' substituted by `gray' on input line 1372.
Package xcolor Info: Model `wave' substituted by `hsb' on input line 1373.
)
(/usr/share/texlive/texmf-dist/tex/latex/pdflscape/pdflscape.sty
Package: pdflscape 2022-10-27 v0.13 Display of landscape pages in PDF

(/usr/share/texlive/texmf-dist/tex/latex/pdflscape/pdflscape-nometadata.sty
Package: pdflscape-nometadata 2022-10-28 v0.13 Display of landscape pages in PD
F (HO)

(/usr/share/texlive/texmf-dist/tex/latex/graphics/lscape.sty
Package: lscape 2020/05/28 v3.02 Landscape Pages (DPC)
)
Package pdflscape Info: Auto-detected driver: pdftex on input line 81.
))
(/usr/share/texlive/texmf-dist/tex/latex/caption/caption.sty
Package: caption 2023/08/05 v3.6o Customizing captions (AR)

(/usr/share/texlive/texmf-dist/tex/latex/caption/caption3.sty
Package: caption3 2023/07/31 v2.4d caption3 kernel (AR)
\caption@tempdima=\dimen173
\captionmargin=\dimen174
\caption@leftmargin=\dimen175
\caption@rightmargin=\dimen176
\caption@width=\dimen177
\caption@indent=\dimen178
\caption@parindent=\dimen179
\caption@hangindent=\dimen180
Package caption Info: Standard document class detected.
)
\c@caption@flags=\count277
\c@continuedfloat=\count278
Package caption Info: float package is loaded.
Package caption Info: longtable package is loaded.

(/usr/share/texlive/texmf-dist/tex/latex/caption/ltcaption.sty
Package: ltcaption 2021/01/08 v1.4c longtable captions (AR)
))
(/usr/share/texlive/texmf-dist/tex/latex/caption/subcaption.sty
Package: subcaption 2023/07/28 v1.6b Sub-captions (AR)
Package caption Info: New subtype `subfigure' on input line 238.
\c@subfigure=\count279
Package caption Info: New subtype `subtable' on input line 238.
\c@subtable=\count280
)
(/usr/share/texlive/texmf-dist/tex/latex/placeins/placeins.sty
Package: placeins 2005/04/18  v 2.2
)
(/usr/share/texlive/texmf-dist/tex/latex/listings/listings.sty
\lst@mode=\count281
\lst@gtempboxa=\box60
\lst@token=\toks26
\lst@length=\count282
\lst@currlwidth=\dimen181
\lst@column=\count283
\lst@pos=\count284
\lst@lostspace=\dimen182
\lst@width=\dimen183
\lst@newlines=\count285
\lst@lineno=\count286
\lst@maxwidth=\dimen184

(/usr/share/texlive/texmf-dist/tex/latex/listings/lstmisc.sty
File: lstmisc.sty 2023/02/27 1.9 (Carsten Heinz)
\c@lstnumber=\count287
\lst@skipnumbers=\count288
\lst@framebox=\box61
)
(/usr/share/texlive/texmf-dist/tex/latex/listings/listings.cfg
File: listings.cfg 2023/02/27 1.9 listings configuration
))
Package: listings 2023/02/27 1.9 (Carsten Heinz)

(/usr/share/texlive/texmf-dist/tex/latex/enumitem/enumitem.sty
Package: enumitem 2019/06/20 v3.9 Customized lists
\labelindent=\skip56
\enit@outerparindent=\dimen185
\enit@toks=\toks27
\enit@inbox=\box62
\enit@count@id=\count289
\enitdp@description=\count290
)
(/usr/share/texlive/texmf-dist/tex/latex/titlesec/titlesec.sty
Package: titlesec 2023/10/27 v2.16 Sectioning titles
\ttl@box=\box63
\beforetitleunit=\skip57
\aftertitleunit=\skip58
\ttl@plus=\dimen186
\ttl@minus=\dimen187
\ttl@toksa=\toks28
\titlewidth=\dimen188
\titlewidthlast=\dimen189
\titlewidthfirst=\dimen190
)
(/usr/share/texlive/texmf-dist/tex/latex/needspace/needspace.sty
Package: needspace 2010/09/12 v1.3d reserve vertical space
)
(/usr/share/texlive/texmf-dist/tex/latex/etoolbox/etoolbox.sty
Package: etoolbox 2020/10/05 v2.5k e-TeX tools for LaTeX (JAW)
\etb@tempcnta=\count291
)
(/usr/share/texlive/texmf-dist/tex/latex/amsmath/amsmath.sty
Package: amsmath 2023/05/13 v2.17o AMS math features
\@mathmargin=\skip59

For additional information on amsmath, use the `?' option.
(/usr/share/texlive/texmf-dist/tex/latex/amsmath/amstext.sty
Package: amstext 2021/08/26 v2.01 AMS text

(/usr/share/texlive/texmf-dist/tex/latex/amsmath/amsgen.sty
File: amsgen.sty 1999/11/30 v2.0 generic functions
\@emptytoks=\toks29
\ex@=\dimen191
))
(/usr/share/texlive/texmf-dist/tex/latex/amsmath/amsbsy.sty
Package: amsbsy 1999/11/29 v1.2d Bold Symbols
\pmbraise@=\dimen192
)
(/usr/share/texlive/texmf-dist/tex/latex/amsmath/amsopn.sty
Package: amsopn 2022/04/08 v2.04 operator names
)
\inf@bad=\count292
LaTeX Info: Redefining \frac on input line 234.
\uproot@=\count293
\leftroot@=\count294
LaTeX Info: Redefining \overline on input line 399.
LaTeX Info: Redefining \colon on input line 410.
\classnum@=\count295
\DOTSCASE@=\count296
LaTeX Info: Redefining \ldots on input line 496.
LaTeX Info: Redefining \dots on input line 499.
LaTeX Info: Redefining \cdots on input line 620.
\Mathstrutbox@=\box64
\strutbox@=\box65
LaTeX Info: Redefining \big on input line 722.
LaTeX Info: Redefining \Big on input line 723.
LaTeX Info: Redefining \bigg on input line 724.
LaTeX Info: Redefining \Bigg on input line 725.
\big@size=\dimen193
LaTeX Font Info:    Redeclaring font encoding OML on input line 743.
LaTeX Font Info:    Redeclaring font encoding OMS on input line 744.
\macc@depth=\count297
LaTeX Info: Redefining \bmod on input line 905.
LaTeX Info: Redefining \pmod on input line 910.
LaTeX Info: Redefining \smash on input line 940.
LaTeX Info: Redefining \relbar on input line 970.
LaTeX Info: Redefining \Relbar on input line 971.
\c@MaxMatrixCols=\count298
\dotsspace@=\muskip16
\c@parentequation=\count299
\dspbrk@lvl=\count300
\tag@help=\toks30
\row@=\count301
\column@=\count302
\maxfields@=\count303
\andhelp@=\toks31
\eqnshift@=\dimen194
\alignsep@=\dimen195
\tagshift@=\dimen196
\tagwidth@=\dimen197
\totwidth@=\dimen198
\lineht@=\dimen199
\@envbody=\toks32
\multlinegap=\skip60
\multlinetaggap=\skip61
\mathdisplay@stack=\toks33
LaTeX Info: Redefining \[ on input line 2953.
LaTeX Info: Redefining \] on input line 2954.
)
(/usr/share/texlive/texmf-dist/tex/latex/amsfonts/amssymb.sty
Package: amssymb 2013/01/14 v3.01 AMS font symbols

(/usr/share/texlive/texmf-dist/tex/latex/amsfonts/amsfonts.sty
Package: amsfonts 2013/01/14 v3.01 Basic AMSFonts support
\symAMSa=\mathgroup4
\symAMSb=\mathgroup5
LaTeX Font Info:    Redeclaring math symbol \hbar on input line 98.
LaTeX Font Info:    Overwriting math alphabet `\mathfrak' in version `bold'
(Font)                  U/euf/m/n --> U/euf/b/n on input line 106.
))
(/usr/share/texlive/texmf-dist/tex/latex/url/url.sty
\Urlmuskip=\muskip17
Package: url 2013/09/16  ver 3.4  Verb mode for urls, etc.
)
(/usr/share/texlive/texmf-dist/tex/latex/xurl/xurl.sty
Package: xurl 2022/01/09 v 0.10 modify URL breaks
)
(/usr/share/texlive/texmf-dist/tex/latex/hyperref/hyperref.sty
Package: hyperref 2024-01-20 v7.01h Hypertext links for LaTeX

(/usr/share/texlive/texmf-dist/tex/latex/kvsetkeys/kvsetkeys.sty
Package: kvsetkeys 2022-10-05 v1.19 Key value parser (HO)
)
(/usr/share/texlive/texmf-dist/tex/generic/kvdefinekeys/kvdefinekeys.sty
Package: kvdefinekeys 2019-12-19 v1.6 Define keys (HO)
)
(/usr/share/texlive/texmf-dist/tex/generic/pdfescape/pdfescape.sty
Package: pdfescape 2019/12/09 v1.15 Implements pdfTeX's escape features (HO)

(/usr/share/texlive/texmf-dist/tex/generic/ltxcmds/ltxcmds.sty
Package: ltxcmds 2023-12-04 v1.26 LaTeX kernel commands for general use (HO)
)
(/usr/share/texlive/texmf-dist/tex/generic/pdftexcmds/pdftexcmds.sty
Package: pdftexcmds 2020-06-27 v0.33 Utility functions of pdfTeX for LuaTeX (HO
)

(/usr/share/texlive/texmf-dist/tex/generic/infwarerr/infwarerr.sty
Package: infwarerr 2019/12/03 v1.5 Providing info/warning/error messages (HO)
)
Package pdftexcmds Info: \pdf@primitive is available.
Package pdftexcmds Info: \pdf@ifprimitive is available.
Package pdftexcmds Info: \pdfdraftmode found.
))
(/usr/share/texlive/texmf-dist/tex/latex/hycolor/hycolor.sty
Package: hycolor 2020-01-27 v1.10 Color options for hyperref/bookmark (HO)
)
(/usr/share/texlive/texmf-dist/tex/latex/auxhook/auxhook.sty
Package: auxhook 2019-12-17 v1.6 Hooks for auxiliary files (HO)
)
(/usr/share/texlive/texmf-dist/tex/latex/hyperref/nameref.sty
Package: nameref 2023-11-26 v2.56 Cross-referencing by name of section

(/usr/share/texlive/texmf-dist/tex/latex/refcount/refcount.sty
Package: refcount 2019/12/15 v3.6 Data extraction from label references (HO)
)
(/usr/share/texlive/texmf-dist/tex/generic/gettitlestring/gettitlestring.sty
Package: gettitlestring 2019/12/15 v1.6 Cleanup title references (HO)

(/usr/share/texlive/texmf-dist/tex/latex/kvoptions/kvoptions.sty
Package: kvoptions 2022-06-15 v3.15 Key value format for package options (HO)
))
\c@section@level=\count304
)
\@linkdim=\dimen256
\Hy@linkcounter=\count305
\Hy@pagecounter=\count306

(/usr/share/texlive/texmf-dist/tex/latex/hyperref/pd1enc.def
File: pd1enc.def 2024-01-20 v7.01h Hyperref: PDFDocEncoding definition (HO)
Now handling font encoding PD1 ...
... no UTF-8 mapping file for font encoding PD1
)
(/usr/share/texlive/texmf-dist/tex/generic/intcalc/intcalc.sty
Package: intcalc 2019/12/15 v1.3 Expandable calculations with integers (HO)
)
\Hy@SavedSpaceFactor=\count307

(/usr/share/texlive/texmf-dist/tex/latex/hyperref/puenc.def
File: puenc.def 2024-01-20 v7.01h Hyperref: PDF Unicode definition (HO)
Now handling font encoding PU ...
... no UTF-8 mapping file for font encoding PU
)
Package hyperref Info: Hyper figures OFF on input line 4179.
Package hyperref Info: Link nesting OFF on input line 4184.
Package hyperref Info: Hyper index ON on input line 4187.
Package hyperref Info: Plain pages OFF on input line 4194.
Package hyperref Info: Backreferencing OFF on input line 4199.
Package hyperref Info: Implicit mode ON; LaTeX internals redefined.
Package hyperref Info: Bookmarks ON on input line 4446.
\c@Hy@tempcnt=\count308
LaTeX Info: Redefining \url on input line 4784.
\XeTeXLinkMargin=\dimen257

(/usr/share/texlive/texmf-dist/tex/generic/bitset/bitset.sty
Package: bitset 2019/12/09 v1.3 Handle bit-vector datatype (HO)

(/usr/share/texlive/texmf-dist/tex/generic/bigintcalc/bigintcalc.sty
Package: bigintcalc 2019/12/15 v1.5 Expandable calculations on big integers (HO
)
))
\Fld@menulength=\count309
\Field@Width=\dimen258
\Fld@charsize=\dimen259
Package hyperref Info: Hyper figures OFF on input line 6063.
Package hyperref Info: Link nesting OFF on input line 6068.
Package hyperref Info: Hyper index ON on input line 6071.
Package hyperref Info: backreferencing OFF on input line 6078.
Package hyperref Info: Link coloring OFF on input line 6083.
Package hyperref Info: Link coloring with OCG OFF on input line 6088.
Package hyperref Info: PDF/A mode OFF on input line 6093.

(/usr/share/texlive/texmf-dist/tex/latex/base/atbegshi-ltx.sty
Package: atbegshi-ltx 2021/01/10 v1.0c Emulation of the original atbegshi
package with kernel methods
)
\Hy@abspage=\count310
\c@Item=\count311
\c@Hfootnote=\count312
)
Package hyperref Info: Driver (autodetected): hpdftex.

(/usr/share/texlive/texmf-dist/tex/latex/hyperref/hpdftex.def
File: hpdftex.def 2024-01-20 v7.01h Hyperref driver for pdfTeX

(/usr/share/texlive/texmf-dist/tex/latex/base/atveryend-ltx.sty
Package: atveryend-ltx 2020/08/19 v1.0a Emulation of the original atveryend pac
kage
with kernel methods
)
\Fld@listcount=\count313
\c@bookmark@seq@number=\count314

(/usr/share/texlive/texmf-dist/tex/latex/rerunfilecheck/rerunfilecheck.sty
Package: rerunfilecheck 2022-07-10 v1.10 Rerun checks for auxiliary files (HO)

(/usr/share/texlive/texmf-dist/tex/generic/uniquecounter/uniquecounter.sty
Package: uniquecounter 2019/12/15 v1.4 Provide unlimited unique counter (HO)
)
Package uniquecounter Info: New unique counter `rerunfilecheck' on input line 2
85.
)
\Hy@SectionHShift=\skip62
)
(/usr/share/texlive/texmf-dist/tex/latex/bookmark/bookmark.sty
Package: bookmark 2023-12-10 v1.31 PDF bookmarks (HO)

(/usr/share/texlive/texmf-dist/tex/latex/bookmark/bkm-pdftex.def
File: bkm-pdftex.def 2023-12-10 v1.31 bookmark driver for pdfTeX and luaTeX (HO
)
\BKM@id=\count315
))
(/usr/share/texlive/texmf-dist/tex/latex/fancyhdr/fancyhdr.sty
Package: fancyhdr 2022/11/09 v4.1 Extensive control of page headers and footers

\f@nch@headwidth=\skip63
\f@nch@O@elh=\skip64
\f@nch@O@erh=\skip65
\f@nch@O@olh=\skip66
\f@nch@O@orh=\skip67
\f@nch@O@elf=\skip68
\f@nch@O@erf=\skip69
\f@nch@O@olf=\skip70
\f@nch@O@orf=\skip71
)
(/usr/share/texlive/texmf-dist/tex/latex/pgf/frontendlayer/tikz.sty
(/usr/share/texlive/texmf-dist/tex/latex/pgf/basiclayer/pgf.sty
(/usr/share/texlive/texmf-dist/tex/latex/pgf/utilities/pgfrcs.sty
(/usr/share/texlive/texmf-dist/tex/generic/pgf/utilities/pgfutil-common.tex
\pgfutil@everybye=\toks34
\pgfutil@tempdima=\dimen260
\pgfutil@tempdimb=\dimen261
)
(/usr/share/texlive/texmf-dist/tex/generic/pgf/utilities/pgfutil-latex.def
\pgfutil@abb=\box66
)
(/usr/share/texlive/texmf-dist/tex/generic/pgf/utilities/pgfrcs.code.tex
(/usr/share/texlive/texmf-dist/tex/generic/pgf/pgf.revision.tex)
Package: pgfrcs 2023-01-15 v3.1.10 (3.1.10)
))
Package: pgf 2023-01-15 v3.1.10 (3.1.10)

(/usr/share/texlive/texmf-dist/tex/latex/pgf/basiclayer/pgfcore.sty
(/usr/share/texlive/texmf-dist/tex/latex/pgf/systemlayer/pgfsys.sty
(/usr/share/texlive/texmf-dist/tex/generic/pgf/systemlayer/pgfsys.code.tex
Package: pgfsys 2023-01-15 v3.1.10 (3.1.10)

(/usr/share/texlive/texmf-dist/tex/generic/pgf/utilities/pgfkeys.code.tex
\pgfkeys@pathtoks=\toks35
\pgfkeys@temptoks=\toks36

(/usr/share/texlive/texmf-dist/tex/generic/pgf/utilities/pgfkeyslibraryfiltered
.code.tex
\pgfkeys@tmptoks=\toks37
))
\pgf@x=\dimen262
\pgf@y=\dimen263
\pgf@xa=\dimen264
\pgf@ya=\dimen265
\pgf@xb=\dimen266
\pgf@yb=\dimen267
\pgf@xc=\dimen268
\pgf@yc=\dimen269
\pgf@xd=\dimen270
\pgf@yd=\dimen271
\w@pgf@writea=\write3
\r@pgf@reada=\read3
\c@pgf@counta=\count316
\c@pgf@countb=\count317
\c@pgf@countc=\count318
\c@pgf@countd=\count319
\t@pgf@toka=\toks38
\t@pgf@tokb=\toks39
\t@pgf@tokc=\toks40
\pgf@sys@id@count=\count320
 (/usr/share/texlive/texmf-dist/tex/generic/pgf/systemlayer/pgf.cfg
File: pgf.cfg 2023-01-15 v3.1.10 (3.1.10)
)
Driver file for pgf: pgfsys-pdftex.def
(/usr/share/texlive/texmf-dist/tex/generic/pgf/systemlayer/pgfsys-pdftex.def
File: pgfsys-pdftex.def 2023-01-15 v3.1.10 (3.1.10)

(/usr/share/texlive/texmf-dist/tex/generic/pgf/systemlayer/pgfsys-common-pdf.de
f
File: pgfsys-common-pdf.def 2023-01-15 v3.1.10 (3.1.10)
)))
(/usr/share/texlive/texmf-dist/tex/generic/pgf/systemlayer/pgfsyssoftpath.code.
tex
File: pgfsyssoftpath.code.tex 2023-01-15 v3.1.10 (3.1.10)
\pgfsyssoftpath@smallbuffer@items=\count321
\pgfsyssoftpath@bigbuffer@items=\count322
)
(/usr/share/texlive/texmf-dist/tex/generic/pgf/systemlayer/pgfsysprotocol.code.
tex
File: pgfsysprotocol.code.tex 2023-01-15 v3.1.10 (3.1.10)
))
(/usr/share/texlive/texmf-dist/tex/generic/pgf/basiclayer/pgfcore.code.tex
Package: pgfcore 2023-01-15 v3.1.10 (3.1.10)

(/usr/share/texlive/texmf-dist/tex/generic/pgf/math/pgfmath.code.tex
(/usr/share/texlive/texmf-dist/tex/generic/pgf/math/pgfmathutil.code.tex)
(/usr/share/texlive/texmf-dist/tex/generic/pgf/math/pgfmathparser.code.tex
\pgfmath@dimen=\dimen272
\pgfmath@count=\count323
\pgfmath@box=\box67
\pgfmath@toks=\toks41
\pgfmath@stack@operand=\toks42
\pgfmath@stack@operation=\toks43
)
(/usr/share/texlive/texmf-dist/tex/generic/pgf/math/pgfmathfunctions.code.tex)
(/usr/share/texlive/texmf-dist/tex/generic/pgf/math/pgfmathfunctions.basic.code
.tex)
(/usr/share/texlive/texmf-dist/tex/generic/pgf/math/pgfmathfunctions.trigonomet
ric.code.tex)
(/usr/share/texlive/texmf-dist/tex/generic/pgf/math/pgfmathfunctions.random.cod
e.tex)
(/usr/share/texlive/texmf-dist/tex/generic/pgf/math/pgfmathfunctions.comparison
.code.tex)
(/usr/share/texlive/texmf-dist/tex/generic/pgf/math/pgfmathfunctions.base.code.
tex)
(/usr/share/texlive/texmf-dist/tex/generic/pgf/math/pgfmathfunctions.round.code
.tex)
(/usr/share/texlive/texmf-dist/tex/generic/pgf/math/pgfmathfunctions.misc.code.
tex)
(/usr/share/texlive/texmf-dist/tex/generic/pgf/math/pgfmathfunctions.integerari
thmetics.code.tex)
(/usr/share/texlive/texmf-dist/tex/generic/pgf/math/pgfmathcalc.code.tex)
(/usr/share/texlive/texmf-dist/tex/generic/pgf/math/pgfmathfloat.code.tex
\c@pgfmathroundto@lastzeros=\count324
))
(/usr/share/texlive/texmf-dist/tex/generic/pgf/math/pgfint.code.tex)
(/usr/share/texlive/texmf-dist/tex/generic/pgf/basiclayer/pgfcorepoints.code.te
x
File: pgfcorepoints.code.tex 2023-01-15 v3.1.10 (3.1.10)
\pgf@picminx=\dimen273
\pgf@picmaxx=\dimen274
\pgf@picminy=\dimen275
\pgf@picmaxy=\dimen276
\pgf@pathminx=\dimen277
\pgf@pathmaxx=\dimen278
\pgf@pathminy=\dimen279
\pgf@pathmaxy=\dimen280
\pgf@xx=\dimen281
\pgf@xy=\dimen282
\pgf@yx=\dimen283
\pgf@yy=\dimen284
\pgf@zx=\dimen285
\pgf@zy=\dimen286
)
(/usr/share/texlive/texmf-dist/tex/generic/pgf/basiclayer/pgfcorepathconstruct.
code.tex
File: pgfcorepathconstruct.code.tex 2023-01-15 v3.1.10 (3.1.10)
\pgf@path@lastx=\dimen287
\pgf@path@lasty=\dimen288
)
(/usr/share/texlive/texmf-dist/tex/generic/pgf/basiclayer/pgfcorepathusage.code
.tex
File: pgfcorepathusage.code.tex 2023-01-15 v3.1.10 (3.1.10)
\pgf@shorten@end@additional=\dimen289
\pgf@shorten@start@additional=\dimen290
)
(/usr/share/texlive/texmf-dist/tex/generic/pgf/basiclayer/pgfcorescopes.code.te
x
File: pgfcorescopes.code.tex 2023-01-15 v3.1.10 (3.1.10)
\pgfpic=\box68
\pgf@hbox=\box69
\pgf@layerbox@main=\box70
\pgf@picture@serial@count=\count325
)
(/usr/share/texlive/texmf-dist/tex/generic/pgf/basiclayer/pgfcoregraphicstate.c
ode.tex
File: pgfcoregraphicstate.code.tex 2023-01-15 v3.1.10 (3.1.10)
\pgflinewidth=\dimen291
)
(/usr/share/texlive/texmf-dist/tex/generic/pgf/basiclayer/pgfcoretransformation
s.code.tex
File: pgfcoretransformations.code.tex 2023-01-15 v3.1.10 (3.1.10)
\pgf@pt@x=\dimen292
\pgf@pt@y=\dimen293
\pgf@pt@temp=\dimen294
)
(/usr/share/texlive/texmf-dist/tex/generic/pgf/basiclayer/pgfcorequick.code.tex
File: pgfcorequick.code.tex 2023-01-15 v3.1.10 (3.1.10)
)
(/usr/share/texlive/texmf-dist/tex/generic/pgf/basiclayer/pgfcoreobjects.code.t
ex
File: pgfcoreobjects.code.tex 2023-01-15 v3.1.10 (3.1.10)
)
(/usr/share/texlive/texmf-dist/tex/generic/pgf/basiclayer/pgfcorepathprocessing
.code.tex
File: pgfcorepathprocessing.code.tex 2023-01-15 v3.1.10 (3.1.10)
)
(/usr/share/texlive/texmf-dist/tex/generic/pgf/basiclayer/pgfcorearrows.code.te
x
File: pgfcorearrows.code.tex 2023-01-15 v3.1.10 (3.1.10)
\pgfarrowsep=\dimen295
)
(/usr/share/texlive/texmf-dist/tex/generic/pgf/basiclayer/pgfcoreshade.code.tex
File: pgfcoreshade.code.tex 2023-01-15 v3.1.10 (3.1.10)
\pgf@max=\dimen296
\pgf@sys@shading@range@num=\count326
\pgf@shadingcount=\count327
)
(/usr/share/texlive/texmf-dist/tex/generic/pgf/basiclayer/pgfcoreimage.code.tex
File: pgfcoreimage.code.tex 2023-01-15 v3.1.10 (3.1.10)
)
(/usr/share/texlive/texmf-dist/tex/generic/pgf/basiclayer/pgfcoreexternal.code.
tex
File: pgfcoreexternal.code.tex 2023-01-15 v3.1.10 (3.1.10)
\pgfexternal@startupbox=\box71
)
(/usr/share/texlive/texmf-dist/tex/generic/pgf/basiclayer/pgfcorelayers.code.te
x
File: pgfcorelayers.code.tex 2023-01-15 v3.1.10 (3.1.10)
)
(/usr/share/texlive/texmf-dist/tex/generic/pgf/basiclayer/pgfcoretransparency.c
ode.tex
File: pgfcoretransparency.code.tex 2023-01-15 v3.1.10 (3.1.10)
)
(/usr/share/texlive/texmf-dist/tex/generic/pgf/basiclayer/pgfcorepatterns.code.
tex
File: pgfcorepatterns.code.tex 2023-01-15 v3.1.10 (3.1.10)
)
(/usr/share/texlive/texmf-dist/tex/generic/pgf/basiclayer/pgfcorerdf.code.tex
File: pgfcorerdf.code.tex 2023-01-15 v3.1.10 (3.1.10)
)))
(/usr/share/texlive/texmf-dist/tex/generic/pgf/modules/pgfmoduleshapes.code.tex
File: pgfmoduleshapes.code.tex 2023-01-15 v3.1.10 (3.1.10)
\pgfnodeparttextbox=\box72
) (/usr/share/texlive/texmf-dist/tex/generic/pgf/modules/pgfmoduleplot.code.tex
File: pgfmoduleplot.code.tex 2023-01-15 v3.1.10 (3.1.10)
)
(/usr/share/texlive/texmf-dist/tex/latex/pgf/compatibility/pgfcomp-version-0-65
.sty
Package: pgfcomp-version-0-65 2023-01-15 v3.1.10 (3.1.10)
\pgf@nodesepstart=\dimen297
\pgf@nodesepend=\dimen298
)
(/usr/share/texlive/texmf-dist/tex/latex/pgf/compatibility/pgfcomp-version-1-18
.sty
Package: pgfcomp-version-1-18 2023-01-15 v3.1.10 (3.1.10)
)) (/usr/share/texlive/texmf-dist/tex/latex/pgf/utilities/pgffor.sty
(/usr/share/texlive/texmf-dist/tex/latex/pgf/utilities/pgfkeys.sty
(/usr/share/texlive/texmf-dist/tex/generic/pgf/utilities/pgfkeys.code.tex))
(/usr/share/texlive/texmf-dist/tex/latex/pgf/math/pgfmath.sty
(/usr/share/texlive/texmf-dist/tex/generic/pgf/math/pgfmath.code.tex))
(/usr/share/texlive/texmf-dist/tex/generic/pgf/utilities/pgffor.code.tex
Package: pgffor 2023-01-15 v3.1.10 (3.1.10)
\pgffor@iter=\dimen299
\pgffor@skip=\dimen300
\pgffor@stack=\toks44
\pgffor@toks=\toks45
))
(/usr/share/texlive/texmf-dist/tex/generic/pgf/frontendlayer/tikz/tikz.code.tex
Package: tikz 2023-01-15 v3.1.10 (3.1.10)

(/usr/share/texlive/texmf-dist/tex/generic/pgf/libraries/pgflibraryplothandlers
.code.tex
File: pgflibraryplothandlers.code.tex 2023-01-15 v3.1.10 (3.1.10)
\pgf@plot@mark@count=\count328
\pgfplotmarksize=\dimen301
)
\tikz@lastx=\dimen302
\tikz@lasty=\dimen303
\tikz@lastxsaved=\dimen304
\tikz@lastysaved=\dimen305
\tikz@lastmovetox=\dimen306
\tikz@lastmovetoy=\dimen307
\tikzleveldistance=\dimen308
\tikzsiblingdistance=\dimen309
\tikz@figbox=\box73
\tikz@figbox@bg=\box74
\tikz@tempbox=\box75
\tikz@tempbox@bg=\box76
\tikztreelevel=\count329
\tikznumberofchildren=\count330
\tikznumberofcurrentchild=\count331
\tikz@fig@count=\count332

(/usr/share/texlive/texmf-dist/tex/generic/pgf/modules/pgfmodulematrix.code.tex
File: pgfmodulematrix.code.tex 2023-01-15 v3.1.10 (3.1.10)
\pgfmatrixcurrentrow=\count333
\pgfmatrixcurrentcolumn=\count334
\pgf@matrix@numberofcolumns=\count335
)
\tikz@expandcount=\count336

(/usr/share/texlive/texmf-dist/tex/generic/pgf/frontendlayer/tikz/libraries/tik
zlibrarytopaths.code.tex
File: tikzlibrarytopaths.code.tex 2023-01-15 v3.1.10 (3.1.10)
)))
(/usr/share/texlive/texmf-dist/tex/generic/pgf/frontendlayer/tikz/libraries/tik
zlibrarycalc.code.tex
File: tikzlibrarycalc.code.tex 2023-01-15 v3.1.10 (3.1.10)
)
(/usr/share/texlive/texmf-dist/tex/generic/pgf/frontendlayer/tikz/libraries/tik
zlibrarypositioning.code.tex
File: tikzlibrarypositioning.code.tex 2023-01-15 v3.1.10 (3.1.10)
)
(/usr/share/texlive/texmf-dist/tex/generic/pgf/libraries/pgflibraryarrows.meta.
code.tex
File: pgflibraryarrows.meta.code.tex 2023-01-15 v3.1.10 (3.1.10)
\pgfarrowinset=\dimen310
\pgfarrowlength=\dimen311
\pgfarrowwidth=\dimen312
\pgfarrowlinewidth=\dimen313
)
(/usr/share/texlive/texmf-dist/tex/generic/pgf/frontendlayer/tikz/libraries/tik
zlibraryshadows.code.tex
File: tikzlibraryshadows.code.tex 2023-01-15 v3.1.10 (3.1.10)

(/usr/share/texlive/texmf-dist/tex/generic/pgf/frontendlayer/tikz/libraries/tik
zlibraryfadings.code.tex
File: tikzlibraryfadings.code.tex 2023-01-15 v3.1.10 (3.1.10)

(/usr/share/texlive/texmf-dist/tex/generic/pgf/libraries/pgflibraryfadings.code
.tex
File: pgflibraryfadings.code.tex 2023-01-15 v3.1.10 (3.1.10)
)))
Package hyperref Info: Option `colorlinks' set `true' on input line 63.
LaTeX Font Info:    Trying to load font information for T1+lmr on input line 99
.
 (/usr/share/texmf/tex/latex/lm/t1lmr.fd
File: t1lmr.fd 2015/05/01 v1.6.1 Font defs for Latin Modern
)
(/usr/share/texlive/texmf-dist/tex/latex/l3backend/l3backend-pdftex.def
File: l3backend-pdftex.def 2024-01-04 L3 backend support: PDF output (pdfTeX)
\l__color_backend_stack_int=\count337
\l__pdf_internal_box=\box77
)
(./main.aux)
\openout1 = `main.aux'.

LaTeX Font Info:    Checking defaults for OML/cmm/m/it on input line 99.
LaTeX Font Info:    ... okay on input line 99.
LaTeX Font Info:    Checking defaults for OMS/cmsy/m/n on input line 99.
LaTeX Font Info:    ... okay on input line 99.
LaTeX Font Info:    Checking defaults for OT1/cmr/m/n on input line 99.
LaTeX Font Info:    ... okay on input line 99.
LaTeX Font Info:    Checking defaults for T1/cmr/m/n on input line 99.
LaTeX Font Info:    ... okay on input line 99.
LaTeX Font Info:    Checking defaults for TS1/cmr/m/n on input line 99.
LaTeX Font Info:    ... okay on input line 99.
LaTeX Font Info:    Checking defaults for OMX/cmex/m/n on input line 99.
LaTeX Font Info:    ... okay on input line 99.
LaTeX Font Info:    Checking defaults for U/cmr/m/n on input line 99.
LaTeX Font Info:    ... okay on input line 99.
LaTeX Font Info:    Checking defaults for PD1/pdf/m/n on input line 99.
LaTeX Font Info:    ... okay on input line 99.
LaTeX Font Info:    Checking defaults for PU/pdf/m/n on input line 99.
LaTeX Font Info:    ... okay on input line 99.

*geometry* driver: auto-detecting
*geometry* detected driver: pdftex
*geometry* verbose mode - [ preamble ] result:
* driver: pdftex
* paper: <default>
* layout: <same size as paper>
* layoutoffset:(h,v)=(0.0pt,0.0pt)
* modes: 
* h-part:(L,W,R)=(72.26999pt, 469.75502pt, 72.26999pt)
* v-part:(T,H,B)=(72.26999pt, 650.43001pt, 72.26999pt)
* \paperwidth=614.295pt
* \paperheight=794.96999pt
* \textwidth=469.75502pt
* \textheight=650.43001pt
* \oddsidemargin=0.0pt
* \evensidemargin=0.0pt
* \topmargin=-37.0pt
* \headheight=14.5pt
* \headsep=25.0pt
* \topskip=12.0pt
* \footskip=30.0pt
* \marginparwidth=44.0pt
* \marginparsep=10.0pt
* \columnsep=10.0pt
* \skip\footins=10.8pt plus 4.0pt minus 2.0pt
* \hoffset=0.0pt
* \voffset=0.0pt
* \mag=1000
* \@twocolumnfalse
* \@twosidefalse
* \@mparswitchfalse
* \@reversemarginfalse
* (1in=72.27pt=25.4mm, 1cm=28.453pt)

(/usr/share/texlive/texmf-dist/tex/context/base/mkii/supp-pdf.mkii
[Loading MPS to PDF converter (version 2006.09.02).]
\scratchcounter=\count338
\scratchdimen=\dimen314
\scratchbox=\box78
\nofMPsegments=\count339
\nofMParguments=\count340
\everyMPshowfont=\toks46
\MPscratchCnt=\count341
\MPscratchDim=\dimen315
\MPnumerator=\count342
\makeMPintoPDFobject=\count343
\everyMPtoPDFconversion=\toks47
) (/usr/share/texlive/texmf-dist/tex/latex/epstopdf-pkg/epstopdf-base.sty
Package: epstopdf-base 2020-01-24 v2.11 Base part for package epstopdf
Package epstopdf-base Info: Redefining graphics rule for `.eps' on input line 4
85.

(/usr/share/texlive/texmf-dist/tex/latex/latexconfig/epstopdf-sys.cfg
File: epstopdf-sys.cfg 2010/07/13 v1.3 Configuration of (r)epstopdf for TeX Liv
e
))
Package caption Info: Begin \AtBeginDocument code.
Package caption Info: hyperref package is loaded.
Package caption Info: listings package is loaded.
Package caption Info: End \AtBeginDocument code.
\c@lstlisting=\count344
Package hyperref Info: Link coloring ON on input line 99.
Package hyperref Info: Option `pageanchor' set `false' on input line 102.

(./Cover page.tex
<logo-soict-hust-1.png, id=31, 1860.9525pt x 755.82375pt>
File: logo-soict-hust-1.png Graphic file (type png)
<use logo-soict-hust-1.png>
Package pdftex.def Info: logo-soict-hust-1.png  used on input line 17.
(pdftex.def)             Requested size: 281.85587pt x 114.47583pt.
LaTeX Font Info:    Trying to load font information for OT1+lmr on input line 2
6.
 (/usr/share/texmf/tex/latex/lm/ot1lmr.fd
File: ot1lmr.fd 2015/05/01 v1.6.1 Font defs for Latin Modern
)
LaTeX Font Info:    Trying to load font information for OML+lmm on input line 2
6.

(/usr/share/texmf/tex/latex/lm/omllmm.fd
File: omllmm.fd 2015/05/01 v1.6.1 Font defs for Latin Modern
)
LaTeX Font Info:    Trying to load font information for OMS+lmsy on input line 
26.

(/usr/share/texmf/tex/latex/lm/omslmsy.fd
File: omslmsy.fd 2015/05/01 v1.6.1 Font defs for Latin Modern
)
LaTeX Font Info:    Trying to load font information for OMX+lmex on input line 
26.

(/usr/share/texmf/tex/latex/lm/omxlmex.fd
File: omxlmex.fd 2015/05/01 v1.6.1 Font defs for Latin Modern
)
LaTeX Font Info:    External font `lmex10' loaded for size
(Font)              <12> on input line 26.
LaTeX Font Info:    External font `lmex10' loaded for size
(Font)              <8> on input line 26.
LaTeX Font Info:    External font `lmex10' loaded for size
(Font)              <6> on input line 26.
LaTeX Font Info:    Trying to load font information for U+msa on input line 26.


(/usr/share/texlive/texmf-dist/tex/latex/amsfonts/umsa.fd
File: umsa.fd 2013/01/14 v3.01 AMS symbols A
)
LaTeX Font Info:    Trying to load font information for U+msb on input line 26.


(/usr/share/texlive/texmf-dist/tex/latex/amsfonts/umsb.fd
File: umsb.fd 2013/01/14 v3.01 AMS symbols B
) [1

{/var/lib/texmf/fonts/map/pdftex/updmap/pdftex.map}{/usr/share/texmf/fonts/enc/
dvips/lm/lm-ec.enc} <./logo-soict-hust-1.png>]) (./main.toc [1

] [2] [3])
\tf@toc=\write4
\openout4 = `main.toc'.

 [4]
Package hyperref Info: Option `pageanchor' set `true' on input line 120.

(./latex_report/sections/01_requirements_problem_analysis.tex
LaTeX Font Info:    External font `lmex10' loaded for size
(Font)              <10.95> on input line 20.
 [1

]
LaTeX Font Info:    Trying to load font information for TS1+lmr on input line 4
5.

(/usr/share/texmf/tex/latex/lm/ts1lmr.fd
File: ts1lmr.fd 2015/05/01 v1.6.1 Font defs for Latin Modern
) [2{/usr/share/texmf/fonts/enc/dvips/lm/lm-ts1.enc}] [3]
LaTeX Font Info:    External font `lmex10' loaded for size
(Font)              <10> on input line 99.
LaTeX Font Info:    External font `lmex10' loaded for size
(Font)              <7> on input line 99.
LaTeX Font Info:    External font `lmex10' loaded for size
(Font)              <5> on input line 99.
 [4]) [5] (./latex_report/sections/02_use_case_analysis.tex
<../PizzaHust.png, id=279, 1895.58188pt x 1747.27782pt>
File: ../PizzaHust.png Graphic file (type png)
<use ../PizzaHust.png>
Package pdftex.def Info: ../PizzaHust.png  used on input line 31.
(pdftex.def)             Requested size: 469.75815pt x 433.00581pt.

[6

] [7 <../PizzaHust.png>]
Overfull \hbox (469.75502pt too wide) detected at line 64
[]
 []


Overfull \hbox (469.75502pt too wide) detected at line 67
[]
 []


Overfull \hbox (469.75502pt too wide) detected at line 86
[]
 []


Overfull \hbox (469.75502pt too wide) detected at line 89
[]
 []

[8]
Overfull \hbox (469.75502pt too wide) detected at line 108
[]
 []


Overfull \hbox (469.75502pt too wide) detected at line 111
[]
 []


Overfull \hbox (469.75502pt too wide) detected at line 130
[]
 []


Overfull \hbox (469.75502pt too wide) detected at line 133
[]
 []

[9]
Overfull \hbox (469.75502pt too wide) detected at line 152
[]
 []


Overfull \hbox (469.75502pt too wide) detected at line 155
[]
 []


Overfull \hbox (469.75502pt too wide) detected at line 174
[]
 []


Overfull \hbox (469.75502pt too wide) detected at line 177
[]
 []

[10]
Overfull \hbox (469.75502pt too wide) detected at line 196
[]
 []


Overfull \hbox (469.75502pt too wide) detected at line 199
[]
 []

[11]
Overfull \hbox (469.75502pt too wide) detected at line 218
[]
 []


Overfull \hbox (469.75502pt too wide) detected at line 221
[]
 []


Overfull \hbox (469.75502pt too wide) detected at line 240
[]
 []


Overfull \hbox (469.75502pt too wide) detected at line 243
[]
 []

[12]
Overfull \hbox (469.75502pt too wide) detected at line 262
[]
 []


Overfull \hbox (469.75502pt too wide) detected at line 265
[]
 []


Overfull \hbox (469.75502pt too wide) detected at line 284
[]
 []


Overfull \hbox (469.75502pt too wide) detected at line 287
[]
 []

[13]
Overfull \hbox (469.75502pt too wide) detected at line 306
[]
 []


Overfull \hbox (469.75502pt too wide) detected at line 309
[]
 []


Overfull \hbox (469.75502pt too wide) detected at line 328
[]
 []


Overfull \hbox (469.75502pt too wide) detected at line 331
[]
 []

[14]
Overfull \hbox (469.75502pt too wide) detected at line 350
[]
 []


Overfull \hbox (469.75502pt too wide) detected at line 353
[]
 []

[15]
Overfull \hbox (469.75502pt too wide) detected at line 372
[]
 []


Overfull \hbox (469.75502pt too wide) detected at line 375
[]
 []


Overfull \hbox (469.75502pt too wide) detected at line 396
[]
 []


Overfull \hbox (469.75502pt too wide) detected at line 399
[]
 []

[16]
Overfull \hbox (469.75502pt too wide) detected at line 418
[]
 []


Overfull \hbox (469.75502pt too wide) detected at line 421
[]
 []


Overfull \hbox (469.75502pt too wide) detected at line 440
[]
 []


Overfull \hbox (469.75502pt too wide) detected at line 443
[]
 []

[17]
Overfull \hbox (469.75502pt too wide) detected at line 462
[]
 []


Overfull \hbox (469.75502pt too wide) detected at line 465
[]
 []

[18]
Overfull \hbox (469.75502pt too wide) detected at line 484
[]
 []


Overfull \hbox (469.75502pt too wide) detected at line 487
[]
 []


Overfull \hbox (469.75502pt too wide) detected at line 506
[]
 []


Overfull \hbox (469.75502pt too wide) detected at line 509
[]
 []

[19]
Overfull \hbox (469.75502pt too wide) detected at line 528
[]
 []


Overfull \hbox (469.75502pt too wide) detected at line 531
[]
 []


Overfull \hbox (469.75502pt too wide) detected at line 552
[]
 []


Overfull \hbox (469.75502pt too wide) detected at line 555
[]
 []

[20]
Overfull \hbox (469.75502pt too wide) detected at line 574
[]
 []


Overfull \hbox (469.75502pt too wide) detected at line 577
[]
 []

[21]
Overfull \hbox (469.75502pt too wide) detected at line 596
[]
 []


Overfull \hbox (469.75502pt too wide) detected at line 599
[]
 []


Overfull \hbox (469.75502pt too wide) detected at line 618
[]
 []


Overfull \hbox (469.75502pt too wide) detected at line 621
[]
 []

[22]
Overfull \hbox (469.75502pt too wide) detected at line 642
[]
 []


Overfull \hbox (469.75502pt too wide) detected at line 645
[]
 []


Overfull \hbox (469.75502pt too wide) detected at line 664
[]
 []


Overfull \hbox (469.75502pt too wide) detected at line 667
[]
 []

[23]) [24] (./latex_report/sections/03_user_stories.tex
Overfull \hbox (469.75502pt too wide) detected at line 31
[]
 []


Overfull \hbox (469.75502pt too wide) detected at line 36
[]
 []

[25

]
Overfull \hbox (469.75502pt too wide) detected at line 70
[]
 []


Overfull \hbox (469.75502pt too wide) detected at line 75
[]
 []

[26] [27]) [28] (./latex_report/sections/04_system_architecture.tex [29

]
<latex_report/figures/system_architecture.pdf, id=418, 614.295pt x 794.97pt>
File: latex_report/figures/system_architecture.pdf Graphic file (type pdf)
<use latex_report/figures/system_architecture.pdf>
Package pdftex.def Info: latex_report/figures/system_architecture.pdf  used on 
input line 60.
(pdftex.def)             Requested size: 403.28568pt x 403.28523pt.
LaTeX Font Info:    Trying to load font information for T1+lmtt on input line 6
8.

(/usr/share/texmf/tex/latex/lm/t1lmtt.fd
File: t1lmtt.fd 2015/05/01 v1.6.1 Font defs for Latin Modern
) [30] [31 <./latex_report/figures/system_architecture.pdf>]) [32]
(./latex_report/sections/05_component_architecture_design.tex
<latex_report/figures/component_frontend.pdf, id=446, 614.295pt x 794.97pt>
File: latex_report/figures/component_frontend.pdf Graphic file (type pdf)
<use latex_report/figures/component_frontend.pdf>
Package pdftex.def Info: latex_report/figures/component_frontend.pdf  used on i
nput line 11.
(pdftex.def)             Requested size: 351.41pt x 416.30092pt.
<latex_report/figures/component_backend.pdf, id=448, 614.295pt x 794.97pt>
File: latex_report/figures/component_backend.pdf Graphic file (type pdf)
<use latex_report/figures/component_backend.pdf>
Package pdftex.def Info: latex_report/figures/component_backend.pdf  used on in
put line 18.
(pdftex.def)             Requested size: 446.2829pt x 114.54478pt.
 [33

 <./latex_report/figures/component_frontend.pdf>] [34 <./latex_report/figures/c
omponent_backend.pdf>] [35] [36]) [37] (./latex_report/sections/06_database_des
ign.tex
[38

]
<latex_report/figures/database_overview_full.png, id=501, 8222.72pt x 4959.5287
5pt>
File: latex_report/figures/database_overview_full.png Graphic file (type png)
<use latex_report/figures/database_overview_full.png>
Package pdftex.def Info: latex_report/figures/database_overview_full.png  used 
on input line 61.
(pdftex.def)             Requested size: 469.75386pt x 283.33176pt.
<latex_report/figures/database_catalog_options.png, id=502, 3340.48pt x 6587.61
125pt>
File: latex_report/figures/database_catalog_options.png Graphic file (type png)

<use latex_report/figures/database_catalog_options.png>
Package pdftex.def Info: latex_report/figures/database_catalog_options.png  use
d on input line 68.
(pdftex.def)             Requested size: 230.85017pt x 455.24931pt.
<latex_report/figures/database_combos.png, id=503, 4415.49625pt x 4684.50125pt>

File: latex_report/figures/database_combos.png Graphic file (type png)
<use latex_report/figures/database_combos.png>
Package pdftex.def Info: latex_report/figures/database_combos.png  used on inpu
t line 75.
(pdftex.def)             Requested size: 403.98027pt x 428.59193pt.
<latex_report/figures/database_orders.png, id=504, 7634.5225pt x 8093.23625pt>
File: latex_report/figures/database_orders.png Graphic file (type png)
<use latex_report/figures/database_orders.png>
Package pdftex.def Info: latex_report/figures/database_orders.png  used on inpu
t line 82.
(pdftex.def)             Requested size: 422.75414pt x 448.15495pt.
 [39] [40 <./latex_report/figures/database_overview_full.png>] [41 <./latex_rep
ort/figures/database_catalog_options.png>] [42 <./latex_report/figures/database
_combos.png>] [43 <./latex_report/figures/database_orders.png>]) [44]
(./latex_report/sections/07_user_interface_design.tex
<latex_report/UI Design/Menu_U1.png, id=538, 1912.14375pt x 1733.47626pt>
File: latex_report/UI Design/Menu_U1.png Graphic file (type png)
<use latex_report/UI Design/Menu_U1.png>
Package pdftex.def Info: latex_report/UI Design/Menu_U1.png  used on input line
 46.
(pdftex.def)             Requested size: 441.56361pt x 400.30464pt.
 [45

]
<latex_report/UI Design/Item_Detail_U2.png, id=543, 1912.14375pt x 1229.59375pt
>
File: latex_report/UI Design/Item_Detail_U2.png Graphic file (type png)
<use latex_report/UI Design/Item_Detail_U2.png>
Package pdftex.def Info: latex_report/UI Design/Item_Detail_U2.png  used on inp
ut line 47.
(pdftex.def)             Requested size: 441.56361pt x 283.9451pt.
<latex_report/UI Design/Customize_Pizza_U3.png, id=544, 1912.14375pt x 1229.593
75pt>
File: latex_report/UI Design/Customize_Pizza_U3.png Graphic file (type png)
<use latex_report/UI Design/Customize_Pizza_U3.png>
Package pdftex.def Info: latex_report/UI Design/Customize_Pizza_U3.png  used on
 input line 48.
(pdftex.def)             Requested size: 441.56361pt x 283.9451pt.
<latex_report/UI Design/Combos_U4.png, id=545, 1912.14375pt x 1800.7275pt>
File: latex_report/UI Design/Combos_U4.png Graphic file (type png)
<use latex_report/UI Design/Combos_U4.png>
Package pdftex.def Info: latex_report/UI Design/Combos_U4.png  used on input li
ne 49.
(pdftex.def)             Requested size: 428.20058pt x 403.2503pt.
<latex_report/UI Design/Combos_Details_U4.1.png, id=546, 1912.14375pt x 1794.70
5pt>
File: latex_report/UI Design/Combos_Details_U4.1.png Graphic file (type png)
<use latex_report/UI Design/Combos_Details_U4.1.png>
Package pdftex.def Info: latex_report/UI Design/Combos_Details_U4.1.png  used o
n input line 50.
(pdftex.def)             Requested size: 429.63025pt x 403.2435pt.
<latex_report/UI Design/Cart_U5.png, id=547, 1912.14375pt x 1095.09125pt>
File: latex_report/UI Design/Cart_U5.png Graphic file (type png)
<use latex_report/UI Design/Cart_U5.png>
Package pdftex.def Info: latex_report/UI Design/Cart_U5.png  used on input line
 51.
(pdftex.def)             Requested size: 441.56361pt x 252.88498pt.
<latex_report/UI Design/Place_COD_U6.png, id=548, 1912.14375pt x 1348.03625pt>
File: latex_report/UI Design/Place_COD_U6.png Graphic file (type png)
<use latex_report/UI Design/Place_COD_U6.png>
Package pdftex.def Info: latex_report/UI Design/Place_COD_U6.png  used on input
 line 52.
(pdftex.def)             Requested size: 441.56361pt x 311.29655pt.
<latex_report/UI Design/Track_Order_U7.png, id=549, 1912.14375pt x 1256.695pt>
File: latex_report/UI Design/Track_Order_U7.png Graphic file (type png)
<use latex_report/UI Design/Track_Order_U7.png>
Package pdftex.def Info: latex_report/UI Design/Track_Order_U7.png  used on inp
ut line 53.
(pdftex.def)             Requested size: 441.56361pt x 290.20348pt.
 [46 <./latex_report/UI Design/Menu_U1.png>] [47 <./latex_report/UI Design/Item
_Detail_U2.png> <./latex_report/UI Design/Customize_Pizza_U3.png>] [48 <./latex
_report/UI Design/Combos_U4.png>] [49 <./latex_report/UI Design/Combos_Details_
U4.1.png>] [50 <./latex_report/UI Design/Cart_U5.png> <./latex_report/UI Design
/Place_COD_U6.png>]
<latex_report/UI Design/Register_U8.png, id=586, 1912.14375pt x 1048.91875pt>
File: latex_report/UI Design/Register_U8.png Graphic file (type png)
<use latex_report/UI Design/Register_U8.png>
Package pdftex.def Info: latex_report/UI Design/Register_U8.png  used on input 
line 58.
(pdftex.def)             Requested size: 441.56361pt x 242.22255pt.
<latex_report/UI Design/Log_In_U9.png, id=587, 1927.2pt x 914.41624pt>
File: latex_report/UI Design/Log_In_U9.png Graphic file (type png)
<use latex_report/UI Design/Log_In_U9.png>
Package pdftex.def Info: latex_report/UI Design/Log_In_U9.png  used on input li
ne 59.
(pdftex.def)             Requested size: 441.57051pt x 209.51599pt.
<latex_report/UI Design/Order_History_U11.png, id=588, 1912.14375pt x 919.435pt
>
File: latex_report/UI Design/Order_History_U11.png Graphic file (type png)
<use latex_report/UI Design/Order_History_U11.png>
Package pdftex.def Info: latex_report/UI Design/Order_History_U11.png  used on 
input line 60.
(pdftex.def)             Requested size: 441.56361pt x 212.3214pt.
<latex_report/UI Design/Manage_Profile_U12.png, id=589, 1912.14375pt x 1476.516
25pt>
File: latex_report/UI Design/Manage_Profile_U12.png Graphic file (type png)
<use latex_report/UI Design/Manage_Profile_U12.png>
Package pdftex.def Info: latex_report/UI Design/Manage_Profile_U12.png  used on
 input line 61.
(pdftex.def)             Requested size: 441.56361pt x 340.96591pt.
<latex_report/UI Design/Loyalty_Point_U13.png, id=590, 1912.14375pt x 1193.4587
6pt>
File: latex_report/UI Design/Loyalty_Point_U13.png Graphic file (type png)
<use latex_report/UI Design/Loyalty_Point_U13.png>
Package pdftex.def Info: latex_report/UI Design/Loyalty_Point_U13.png  used on 
input line 62.
(pdftex.def)             Requested size: 441.56361pt x 275.60059pt.
<latex_report/UI Design/Redeem_Loyalty_point_U14.png, id=591, 1912.14375pt x 13
48.03625pt>
File: latex_report/UI Design/Redeem_Loyalty_point_U14.png Graphic file (type pn
g)
<use latex_report/UI Design/Redeem_Loyalty_point_U14.png>
Package pdftex.def Info: latex_report/UI Design/Redeem_Loyalty_point_U14.png  u
sed on input line 63.
(pdftex.def)             Requested size: 441.56361pt x 311.29655pt.

[51 <./latex_report/UI Design/Track_Order_U7.png>] [52 <./latex_report/UI Desig
n/Register_U8.png> <./latex_report/UI Design/Log_In_U9.png>] [53 <./latex_repor
t/UI Design/Order_History_U11.png> <./latex_report/UI Design/Manage_Profile_U12
.png>] [54 <./latex_report/UI Design/Loyalty_Point_U13.png> <./latex_report/UI 
Design/Redeem_Loyalty_point_U14.png>]
<latex_report/UI Design/Pizza_Catalog_A1.png, id=622, 1912.14375pt x 1358.07375
pt>
File: latex_report/UI Design/Pizza_Catalog_A1.png Graphic file (type png)
<use latex_report/UI Design/Pizza_Catalog_A1.png>
Package pdftex.def Info: latex_report/UI Design/Pizza_Catalog_A1.png  used on i
nput line 68.
(pdftex.def)             Requested size: 441.56361pt x 313.61446pt.
<latex_report/UI Design/A2_Manage_Pizza_Option.png, id=623, 1912.14375pt x 2243
.38126pt>
File: latex_report/UI Design/A2_Manage_Pizza_Option.png Graphic file (type png)

<use latex_report/UI Design/A2_Manage_Pizza_Option.png>
Package pdftex.def Info: latex_report/UI Design/A2_Manage_Pizza_Option.png  use
d on input line 69.
(pdftex.def)             Requested size: 343.7042pt x 403.24352pt.
<latex_report/UI Design/A2_Manage_Side_Dishes.png, id=624, 1912.14375pt x 1026.
83624pt>
File: latex_report/UI Design/A2_Manage_Side_Dishes.png Graphic file (type png)
<use latex_report/UI Design/A2_Manage_Side_Dishes.png>
Package pdftex.def Info: latex_report/UI Design/A2_Manage_Side_Dishes.png  used
 on input line 70.
(pdftex.def)             Requested size: 441.56361pt x 237.12312pt.
<latex_report/UI Design/A3_Menu_Categories_Overview.png, id=625, 1927.2pt x 914
.41624pt>
File: latex_report/UI Design/A3_Menu_Categories_Overview.png Graphic file (type
 png)
<use latex_report/UI Design/A3_Menu_Categories_Overview.png>
Package pdftex.def Info: latex_report/UI Design/A3_Menu_Categories_Overview.png
  used on input line 71.
(pdftex.def)             Requested size: 441.57051pt x 209.51599pt.
<latex_report/UI Design/A3_Menu_Categories_Detailed.png, id=626, 1912.14375pt x
 1569.865pt>
File: latex_report/UI Design/A3_Menu_Categories_Detailed.png Graphic file (type
 png)
<use latex_report/UI Design/A3_Menu_Categories_Detailed.png>
Package pdftex.def Info: latex_report/UI Design/A3_Menu_Categories_Detailed.png
  used on input line 72.
(pdftex.def)             Requested size: 441.56361pt x 362.52257pt.
<latex_report/UI Design/A4_Combo_Campain_Overview.png, id=627, 1927.2pt x 914.4
1624pt>
File: latex_report/UI Design/A4_Combo_Campain_Overview.png Graphic file (type p
ng)
<use latex_report/UI Design/A4_Combo_Campain_Overview.png>
Package pdftex.def Info: latex_report/UI Design/A4_Combo_Campain_Overview.png  
used on input line 73.
(pdftex.def)             Requested size: 441.57051pt x 209.51599pt.
<latex_report/UI Design/A4_Combo_Campain_Detailed.png, id=628, 1912.14375pt x 1
133.23375pt>
File: latex_report/UI Design/A4_Combo_Campain_Detailed.png Graphic file (type p
ng)
<use latex_report/UI Design/A4_Combo_Campain_Detailed.png>
Package pdftex.def Info: latex_report/UI Design/A4_Combo_Campain_Detailed.png  
used on input line 74.
(pdftex.def)             Requested size: 441.56361pt x 261.69307pt.
<latex_report/UI Design/A5_Order_Delivery_monitor.png, id=629, 1927.2pt x 914.4
1624pt>
File: latex_report/UI Design/A5_Order_Delivery_monitor.png Graphic file (type p
ng)
<use latex_report/UI Design/A5_Order_Delivery_monitor.png>
Package pdftex.def Info: latex_report/UI Design/A5_Order_Delivery_monitor.png  
used on input line 75.
(pdftex.def)             Requested size: 441.57051pt x 209.51599pt.
<latex_report/UI Design/A6_Customer_Acc_Management.png, id=630, 1927.2pt x 914.
41624pt>
File: latex_report/UI Design/A6_Customer_Acc_Management.png Graphic file (type 
png)
<use latex_report/UI Design/A6_Customer_Acc_Management.png>
Package pdftex.def Info: latex_report/UI Design/A6_Customer_Acc_Management.png 
 used on input line 76.
(pdftex.def)             Requested size: 441.57051pt x 209.51599pt.
<latex_report/UI Design/A7_Sale_Order_Report.png, id=631, 1912.14375pt x 1150.2
975pt>
File: latex_report/UI Design/A7_Sale_Order_Report.png Graphic file (type png)
<use latex_report/UI Design/A7_Sale_Order_Report.png>
Package pdftex.def Info: latex_report/UI Design/A7_Sale_Order_Report.png  used 
on input line 77.
(pdftex.def)             Requested size: 441.56361pt x 265.63354pt.
 [55 <./latex_report/UI Design/Pizza_Catalog_A1.png>] [56 <./latex_report/UI De
sign/A2_Manage_Pizza_Option.png>] [57 <./latex_report/UI Design/A2_Manage_Side_
Dishes.png> <./latex_report/UI Design/A3_Menu_Categories_Overview.png>] [58 <./
latex_report/UI Design/A3_Menu_Categories_Detailed.png> <./latex_report/UI Desi
gn/A4_Combo_Campain_Overview.png>]
[59 <./latex_report/UI Design/A4_Combo_Campain_Detailed.png> <./latex_report/UI
 Design/A5_Order_Delivery_monitor.png>] [60 <./latex_report/UI Design/A6_Custom
er_Acc_Management.png> <./latex_report/UI Design/A7_Sale_Order_Report.png>]
<latex_report/UI Design/K1_Incoming_Orders.png, id=677, 1927.2pt x 914.41624pt>

File: latex_report/UI Design/K1_Incoming_Orders.png Graphic file (type png)
<use latex_report/UI Design/K1_Incoming_Orders.png>
Package pdftex.def Info: latex_report/UI Design/K1_Incoming_Orders.png  used on
 input line 82.
(pdftex.def)             Requested size: 441.57051pt x 209.51599pt.
<latex_report/UI Design/K2_Accept_Order.png, id=678, 1927.2pt x 914.41624pt>
File: latex_report/UI Design/K2_Accept_Order.png Graphic file (type png)
<use latex_report/UI Design/K2_Accept_Order.png>
Package pdftex.def Info: latex_report/UI Design/K2_Accept_Order.png  used on in
put line 83.
(pdftex.def)             Requested size: 441.57051pt x 209.51599pt.
<latex_report/UI Design/K3_Mark_Ready_For_Dispatch.png, id=679, 1912.14375pt x 
1043.9pt>
File: latex_report/UI Design/K3_Mark_Ready_For_Dispatch.png Graphic file (type 
png)
<use latex_report/UI Design/K3_Mark_Ready_For_Dispatch.png>
Package pdftex.def Info: latex_report/UI Design/K3_Mark_Ready_For_Dispatch.png 
 used on input line 84.
(pdftex.def)             Requested size: 441.56361pt x 241.06358pt.

[61 <./latex_report/UI Design/K1_Incoming_Orders.png> <./latex_report/UI Design
/K2_Accept_Order.png>] [62 <./latex_report/UI Design/K3_Mark_Ready_For_Dispatch
.png>]) [63] (./latex_report/sections/08_component_implementation.tex [64

]
[65]) [66] (./latex_report/sections/09_api_design_implementation.tex [67

]
[68] [69]
<latex_report/figures/order_flow_implemented.pdf, id=729, page=2, 614.295pt x 7
94.97pt>
File: latex_report/figures/order_flow_implemented.pdf Graphic file (type pdf)
<use latex_report/figures/order_flow_implemented.pdf, page 2>
Package pdftex.def Info: latex_report/figures/order_flow_implemented.pdf , page
2 used on input line 131.
(pdftex.def)             Requested size: 341.77199pt x 442.29317pt.
<latex_report/figures/order_flow_delivery_flow.pdf, id=730, 614.295pt x 794.97p
t>
File: latex_report/figures/order_flow_delivery_flow.pdf Graphic file (type pdf)

<use latex_report/figures/order_flow_delivery_flow.pdf>
Package pdftex.def Info: latex_report/figures/order_flow_delivery_flow.pdf  use
d on input line 138.
(pdftex.def)             Requested size: 469.77022pt x 369.98753pt.
) [70] [71 <./latex_report/figures/order_flow_implemented.pdf>]
[72 <./latex_report/figures/order_flow_delivery_flow.pdf>]
(./latex_report/sections/10_testing_evaluation.tex [73

] [74] [75]) [76]
(./main.aux)
 ***********
LaTeX2e <2023-11-01> patch level 1
L3 programming layer <2024-01-22>
 ***********
 ) 
Here is how much of TeX's memory you used:
 27723 strings out of 476182
 514787 string characters out of 5795595
 1956975 words of memory out of 5000000
 48945 multiletter control sequences out of 15000+600000
 652718 words of font info for 98 fonts, out of 8000000 for 9000
 14 hyphenation exceptions out of 8191
 84i,12n,87p,852b,630s stack positions out of 10000i,1000n,20000p,200000b,200000s
</usr/share/texmf/fonts/type1/public/lm/lmbx10.pfb></usr/share/texmf/fonts/ty
pe1/public/lm/lmbx12.pfb></usr/share/texmf/fonts/type1/public/lm/lmr10.pfb></us
r/share/texmf/fonts/type1/public/lm/lmr12.pfb></usr/share/texmf/fonts/type1/pub
lic/lm/lmr17.pfb></usr/share/texmf/fonts/type1/public/lm/lmri12.pfb></usr/share
/texmf/fonts/type1/public/lm/lmtt10.pfb></usr/share/texmf/fonts/type1/public/lm
/lmtt12.pfb>
Output written on main.pdf (81 pages, 13180773 bytes).
PDF statistics:
 1193 PDF objects out of 1200 (max. 8388607)
 982 compressed objects within 10 object streams
 265 named destinations out of 1000 (max. 500000)
 1107 words of extra memory for PDF output out of 10000 (max. 10000000)

