\BOOKMARK [1][-]{section.1}{\376\377\000P\000l\000a\000n\000n\000i\000n\000g}{}% 1
\BOOKMARK [2][-]{subsection.1.1}{\376\377\000I\000n\000i\000t\000i\000a\000l\000\040\000S\000y\000s\000t\000e\000m\000\040\000R\000e\000q\000u\000e\000s\000t}{section.1}% 2
\BOOKMARK [3][-]{subsubsection.1.1.1}{\376\377\000B\000u\000s\000i\000n\000e\000s\000s\000\040\000N\000e\000e\000d}{subsection.1.1}% 3
\BOOKMARK [3][-]{subsubsection.1.1.2}{\376\377\000B\000u\000s\000i\000n\000e\000s\000s\000\040\000R\000e\000q\000u\000i\000r\000e\000m\000e\000n\000t\000s}{subsection.1.1}% 4
\BOOKMARK [3][-]{subsubsection.1.1.3}{\376\377\000B\000u\000s\000i\000n\000e\000s\000s\000\040\000V\000a\000l\000u\000e}{subsection.1.1}% 5
\BOOKMARK [3][-]{subsubsection.1.1.4}{\376\377\000S\000p\000e\000c\000i\000a\000l\000\040\000I\000s\000s\000u\000e\000s\000\040\000o\000r\000\040\000C\000o\000n\000s\000t\000r\000a\000i\000n\000t\000s}{subsection.1.1}% 6
\BOOKMARK [2][-]{subsection.1.2}{\376\377\000F\000e\000a\000s\000i\000b\000i\000l\000i\000t\000y\000\040\000A\000n\000a\000l\000y\000s\000i\000s}{section.1}% 7
\BOOKMARK [3][-]{subsubsection.1.2.1}{\376\377\000T\000e\000c\000h\000n\000i\000c\000a\000l\000\040\000F\000e\000a\000s\000i\000b\000i\000l\000i\000t\000y}{subsection.1.2}% 8
\BOOKMARK [3][-]{subsubsection.1.2.2}{\376\377\000O\000p\000e\000r\000a\000t\000i\000o\000n\000a\000l\000\040\000F\000e\000a\000s\000i\000b\000i\000l\000i\000t\000y}{subsection.1.2}% 9
\BOOKMARK [3][-]{subsubsection.1.2.3}{\376\377\000E\000c\000o\000n\000o\000m\000i\000c\000\040\000F\000e\000a\000s\000i\000b\000i\000l\000i\000t\000y}{subsection.1.2}% 10
\BOOKMARK [3][-]{subsubsection.1.2.4}{\376\377\000S\000c\000h\000e\000d\000u\000l\000e\000\040\000F\000e\000a\000s\000i\000b\000i\000l\000i\000t\000y}{subsection.1.2}% 11
\BOOKMARK [2][-]{subsection.1.3}{\376\377\000I\000n\000i\000t\000i\000a\000l\000\040\000P\000r\000o\000j\000e\000c\000t\000\040\000P\000l\000a\000n}{section.1}% 12
\BOOKMARK [3][-]{subsubsection.1.3.1}{\376\377\000T\000e\000a\000m\000\040\000R\000o\000l\000e\000s}{subsection.1.3}% 13
\BOOKMARK [3][-]{subsubsection.1.3.2}{\376\377\000R\000o\000a\000d\000m\000a\000p\000\040\000a\000n\000d\000\040\000S\000t\000a\000f\000f\000i\000n\000g\000\040\000P\000l\000a\000n}{subsection.1.3}% 14
\BOOKMARK [3][-]{subsubsection.1.3.3}{\376\377\000C\000A\000S\000E\000\040\000T\000o\000o\000l\000s}{subsection.1.3}% 15
\BOOKMARK [1][-]{section.2}{\376\377\000A\000n\000a\000l\000y\000s\000i\000s}{}% 16
\BOOKMARK [2][-]{subsection.2.1}{\376\377\000G\000e\000n\000e\000r\000a\000l\000\040\000U\000s\000e\000\040\000C\000a\000s\000e\000\040\000O\000v\000e\000r\000v\000i\000e\000w}{section.2}% 17
\BOOKMARK [3][-]{subsubsection.2.1.1}{\376\377\000G\000e\000n\000e\000r\000a\000l\000\040\000U\000s\000e\000\040\000C\000a\000s\000e\000\040\000D\000i\000a\000g\000r\000a\000m}{subsection.2.1}% 18
\BOOKMARK [3][-]{subsubsection.2.1.2}{\376\377\000U\000s\000e\000\040\000C\000a\000s\000e\000\040\000R\000e\000l\000a\000t\000i\000o\000n\000s\000h\000i\000p\000s}{subsection.2.1}% 19
\BOOKMARK [2][-]{subsection.2.2}{\376\377\000U\000s\000e\000\040\000C\000a\000s\000e\000\040\000D\000e\000t\000a\000i\000l\000s}{section.2}% 20
\BOOKMARK [3][-]{subsubsection.2.2.1}{\376\377\000G\000u\000e\000s\000t\000\040\000a\000n\000d\000\040\000C\000u\000s\000t\000o\000m\000e\000r\000\040\000U\000s\000e\000\040\000C\000a\000s\000e\000\040\000D\000e\000t\000a\000i\000l\000s}{subsection.2.2}% 21
\BOOKMARK [3][-]{subsubsection.2.2.2}{\376\377\000A\000d\000m\000i\000n\000\040\000/\000\040\000S\000t\000o\000r\000e\000\040\000O\000w\000n\000e\000r\000\040\000U\000s\000e\000\040\000C\000a\000s\000e\000\040\000D\000e\000t\000a\000i\000l\000s}{subsection.2.2}% 22
\BOOKMARK [3][-]{subsubsection.2.2.3}{\376\377\000K\000i\000t\000c\000h\000e\000n\000\040\000S\000t\000a\000f\000f\000\040\000U\000s\000e\000\040\000C\000a\000s\000e\000\040\000D\000e\000t\000a\000i\000l\000s}{subsection.2.2}% 23
\BOOKMARK [3][-]{subsubsection.2.2.4}{\376\377\000T\000h\000i\000r\000d\000-\000P\000a\000r\000t\000y\000\040\000D\000e\000l\000i\000v\000e\000r\000y\000\040\000S\000e\000r\000v\000i\000c\000e\000\040\000U\000s\000e\000\040\000C\000a\000s\000e\000\040\000D\000e\000t\000a\000i\000l\000s}{subsection.2.2}% 24
